<?xml version="1.0" encoding="UTF-8"?>
<!-- Generated by org.testng.reporters.JUnitReportReporter -->
<testsuite skipped="0" hostname="khadizarahman" name="testCases.Get_or_Read_All_Products" tests="1" failures="0" timestamp="2021-07-01T03:25:13 CDT" time="3.034" errors="0">
  <testcase name="read_All_Products" time="3.034" classname="testCases.Get_or_Read_All_Products"/>
  <system-out/>
</testsuite> <!-- testCases.Get_or_Read_All_Products -->
