<?xml version="1.0" encoding="UTF-8"?>
<!-- Generated by org.testng.reporters.JUnitReportReporter -->
<testsuite skipped="0" hostname="khadizarahman" name="testCases.PUT_or_Update_A_Product" tests="1" failures="0" timestamp="2021-07-01T13:58:16 CDT" time="3.471" errors="0">
  <testcase name="read_A_Product" time="3.471" classname="testCases.PUT_or_Update_A_Product"/>
  <system-out/>
</testsuite> <!-- testCases.PUT_or_Update_A_Product -->
