<?xml version="1.0" encoding="UTF-8"?>
<!-- Generated by org.testng.reporters.JUnitReportReporter -->
<testsuite skipped="0" hostname="khadizarahman" name="testCases.POST_or_Create_A_Product" tests="2" failures="0" timestamp="2021-07-01T12:48:59 CDT" time="4.505" errors="0">
  <testcase name="read_A_Product" time="0.858" classname="testCases.POST_or_Create_A_Product"/>
  <system-out/>
  <testcase name="create_A_Product" time="3.647" classname="testCases.POST_or_Create_A_Product"/>
  <system-out/>
</testsuite> <!-- testCases.POST_or_Create_A_Product -->
